<?xml version="1.0" encoding="UTF-8"?>
<!-- Generated by org.testng.reporters.JUnitXMLReporter -->
<testsuite ignored="0" hostname="DESKTOP-KIS4N2E" failures="0" tests="2" name="Default test" time="21.724" errors="0" timestamp="2024-10-11T20:48:50 IST">
  <testcase classname="coverFoxTest.TC12345_CoverFox_ValidateErrorMsgs" name="validateMobileNumErrorMsg" time="0.428"/>
  <testcase classname="coverFoxTest.TC12345_CoverFox_ValidateErrorMsgs" name="validatePinCodeErrorMsg" time="0.417"/>
</testsuite> <!-- Default test -->
