<?xml version="1.0" encoding="UTF-8"?>
<!-- Generated by org.testng.reporters.JUnitXMLReporter -->
<testsuite ignored="0" hostname="DESKTOP-KIS4N2E" failures="1" tests="1" name="Test" time="15.786" errors="0" timestamp="2024-10-08T20:03:15 IST">
  <testcase classname="coverFoxTest.TC1234_CoverFox_ValidateBannerCount" name="valiadatePolicyCount" time="0.076">
    <failure type="java.lang.AssertionError" message="null">
      <![CDATA[java.lang.AssertionError: null
at coverFoxTest.TC1234_CoverFox_ValidateBannerCount.valiadatePolicyCount(TC1234_CoverFox_ValidateBannerCount.java:62)
at java.base/java.util.ArrayList.forEach(ArrayList.java:1597)
... Removed 27 stack frames]]>
    </failure>
  </testcase> <!-- valiadatePolicyCount -->
</testsuite> <!-- Test -->
