<?xml version="1.0" encoding="UTF-8"?>
<!-- Generated by org.testng.reporters.JUnitReportReporter -->
<testsuite hostname="DESKTOP-KIS4N2E" failures="0" tests="2" name="coverFoxTest.TC12345_CoverFox_ValidateErrorMsgs" time="21.626" errors="0" timestamp="2024-10-11T20:48:50 IST" skipped="0">
  <testcase classname="coverFoxTest.TC12345_CoverFox_ValidateErrorMsgs" name="validatePinCodeErrorMsg" time="10.730">
    <system-out>
      <![CDATA[enetring mobile number..
clicking on continue button..]]>
    </system-out>
  </testcase> <!-- validatePinCodeErrorMsg -->
  <testcase classname="coverFoxTest.TC12345_CoverFox_ValidateErrorMsgs" name="validateMobileNumErrorMsg" time="10.896">
    <system-out>
      <![CDATA[enetring pincode..
clicking on continue button..]]>
    </system-out>
  </testcase> <!-- validateMobileNumErrorMsg -->
  <system-out>
    <![CDATA[launching browser
waiting..
clicking on gender button..
clicking on next button..
handeling age dropdown..
clicking on next button..
enetring pincode..
clicking on continue button..
closing browser
launching browser
waiting..
clicking on gender button..
clicking on next button..
handeling age dropdown..
clicking on next button..
enetring mobile number..
clicking on continue button..
closing browser]]>
  </system-out>
</testsuite> <!-- coverFoxTest.TC12345_CoverFox_ValidateErrorMsgs -->
